#
# There is insufficient memory for the Java Runtime Environment to continue.
# Native memory allocation (mmap) failed to map 2097152 bytes for Failed to commit area from 0x00000000c2600000 to 0x00000000c2800000 of length 2097152.
# Possible reasons:
#   The system is out of physical RAM or swap space
#   The process is running with CompressedOops enabled, and the Java Heap may be blocking the growth of the native heap
# Possible solutions:
#   Reduce memory load on the system
#   Increase physical memory or swap space
#   Check if swap backing store is full
#   Decrease Java heap size (-Xmx/-Xms)
#   Decrease number of Java threads
#   Decrease Java thread stack sizes (-Xss)
#   Set larger code cache with -XX:ReservedCodeCacheSize=
#   JVM is running with Unscaled Compressed Oops mode in which the Java heap is
#     placed in the first 4GB address space. The Java Heap base address is the
#     maximum limit for the native heap growth. Please use -XX:HeapBaseMinAddress
#     to set the Java Heap base and to place the Java Heap above 4GB virtual address.
# This output file may be truncated or incomplete.
#
#  Out of Memory Error (t:/workspace/open/src/hotspot/os/windows/os_windows.cpp:3271), pid=11212, tid=7428
#
# JRE version: Java(TM) SE Runtime Environment (11.0.6+8) (build 11.0.6+8-LTS)
# Java VM: Java HotSpot(TM) 64-Bit Server VM (11.0.6+8-LTS, mixed mode, tiered, compressed oops, g1 gc, windows-amd64)
# No core dump will be written. Minidumps are not enabled by default on client versions of Windows
#

---------------  S U M M A R Y ------------

Command Line: -Dapplication.home=C:\Program Files\Java\jdk-11.0.6 --add-modules=ALL-DEFAULT -Xms8m -Djdk.module.main=jdk.compiler jdk.compiler/com.sun.tools.javac.Main -d D:\MauThietKe\ProjectNeatbeanJV\NguyenThiKimNga_59131500_Creational\build\classes -classpath D:\MauThietKe\ProjectNeatbeanJV\NguyenThiKimNga_59131500_Creational\build\classes -sourcepath D:\MauThietKe\ProjectNeatbeanJV\NguyenThiKimNga_59131500_Creational\src -target 11 -encoding UTF-8 -g -processorpath D:\MauThietKe\ProjectNeatbeanJV\NguyenThiKimNga_59131500_Creational\build\empty -s D:\MauThietKe\ProjectNeatbeanJV\NguyenThiKimNga_59131500_Creational\build\generated-sources\ap-source-output -source 11 D:\MauThietKe\ProjectNeatbeanJV\NguyenThiKimNga_59131500_Creational\src\bt2\BT2Main.java

Host: Intel(R) Core(TM) i3-3110M CPU @ 2.40GHz, 4 cores, 3G,  Windows 10 , 64 bit Build 18362 (10.0.18362.778)
Time: Mon May 18 00:36:47 2020 SE Asia Standard Time elapsed time: 1 seconds (0d 0h 0m 1s)

---------------  T H R E A D  ---------------

Current thread (0x000001c4f797f000):  VMThread "VM Thread" [stack: 0x0000009dddb00000,0x0000009dddc00000] [id=7428]

Stack: [0x0000009dddb00000,0x0000009dddc00000]
[error occurred during error reporting (printing stack bounds), id 0xc0000005, EXCEPTION_ACCESS_VIOLATION (0xc0000005) at pc=0x000001c480000bad]

Native frames: (J=compiled Java code, j=interpreted, Vv=VM code, C=native code)
V  [jvm.dll+0x63679a]
V  [jvm.dll+0x7755bf]
V  [jvm.dll+0x776c65]
V  [jvm.dll+0x777235]
V  [jvm.dll+0x7771eb]
V  [jvm.dll+0x635e96]
V  [jvm.dll+0x636268]
C  [ntdll.dll+0xa11cf]
C  [ntdll.dll+0x6a209]
C  [ntdll.dll+0x9fe3e]
C  0x000001c480000bad

VM_Operation (0x0000009ddd5fe3b0): G1CollectForAllocation, mode: safepoint, requested by thread 0x000001c4ea49a000


---------------  P R O C E S S  ---------------

Threads class SMR info:
_java_thread_list=0x000001c4f814a5e0, length=11, elements={
0x000001c4ea49a000, 0x000001c4f79a4800, 0x000001c4f79b2800, 0x000001c4f7a13000,
0x000001c4f7a16000, 0x000001c4f79bf000, 0x000001c4f79c1000, 0x000001c4f79c8800,
0x000001c4f7c74000, 0x000001c4f7cc5800, 0x000001c4f816e000
}

Java Threads: ( => current thread )
  0x000001c4ea49a000 JavaThread "main" [_thread_blocked, id=8904, stack(0x0000009ddd500000,0x0000009ddd600000)]
  0x000001c4f79a4800 JavaThread "Reference Handler" daemon [_thread_blocked, id=8064, stack(0x0000009dddc00000,0x0000009dddd00000)]
  0x000001c4f79b2800 JavaThread "Finalizer" daemon [_thread_blocked, id=9936, stack(0x0000009dddd00000,0x0000009ddde00000)]
  0x000001c4f7a13000 JavaThread "Signal Dispatcher" daemon [_thread_blocked, id=4584, stack(0x0000009ddde00000,0x0000009dddf00000)]
  0x000001c4f7a16000 JavaThread "Attach Listener" daemon [_thread_blocked, id=8720, stack(0x0000009dddf00000,0x0000009dde000000)]
  0x000001c4f79bf000 JavaThread "C2 CompilerThread0" daemon [_thread_blocked, id=8892, stack(0x0000009dde000000,0x0000009dde100000)]
  0x000001c4f79c1000 JavaThread "C1 CompilerThread0" daemon [_thread_blocked, id=4448, stack(0x0000009dde100000,0x0000009dde200000)]
  0x000001c4f79c8800 JavaThread "Sweeper thread" daemon [_thread_blocked, id=10792, stack(0x0000009dde200000,0x0000009dde300000)]
  0x000001c4f7c74000 JavaThread "Common-Cleaner" daemon [_thread_blocked, id=5144, stack(0x0000009dde300000,0x0000009dde400000)]
  0x000001c4f7cc5800 JavaThread "Service Thread" daemon [_thread_blocked, id=4428, stack(0x0000009dde400000,0x0000009dde500000)]
  0x000001c4f816e000 JavaThread "C2 CompilerThread1" daemon [_thread_blocked, id=7596, stack(0x0000009dde700000,0x0000009dde800000)]

Other Threads:
=>0x000001c4f797f000 VMThread "VM Thread" [stack: 0x0000009dddb00000,0x0000009dddc00000] [id=7428]
  0x000001c4f7d48800 WatcherThread [stack: 0x0000009dde500000,0x0000009dde600000] [id=2736]
  0x000001c4ea4b1000 GCTaskThread "GC Thread#0" [stack: 0x0000009ddd600000,0x0000009ddd700000] [id=2460]
  0x000001c4f7e1b800 GCTaskThread "GC Thread#1" [stack: 0x0000009dde600000,0x0000009dde700000] [id=928]
  0x000001c4ea4cd000 ConcurrentGCThread "G1 Main Marker" [stack: 0x0000009ddd700000,0x0000009ddd800000] [id=5636]
  0x000001c4ea4cf000 ConcurrentGCThread "G1 Conc#0" [stack: 0x0000009ddd800000,0x0000009ddd900000] [id=2648]
  0x000001c4ea4e5800 ConcurrentGCThread "G1 Refine#0" [stack: 0x0000009ddd900000,0x0000009ddda00000] [id=11084]
  0x000001c4ea4e7800 ConcurrentGCThread "G1 Young RemSet Sampling" [stack: 0x0000009ddda00000,0x0000009dddb00000] [id=10332]

Threads with active compile tasks:
C1 CompilerThread0 908       3       java.util.regex.Pattern::newSlice (181 bytes)

VM state:at safepoint (normal execution)

VM Mutex/Monitor currently owned by a thread:  ([mutex/lock_event])
[0x000001c4ea497340] Threads_lock - owner thread: 0x000001c4f797f000
[0x000001c4ea498270] Heap_lock - owner thread: 0x000001c4ea49a000

Heap address: 0x00000000c1c00000, size: 996 MB, Compressed Oops mode: 32-bit
Narrow klass base: 0x0000000000000000, Narrow klass shift: 3
Compressed class space size: 1073741824 Address: 0x0000000100000000

Heap:
 garbage-first heap   total 12288K, used 3941K [0x00000000c1c00000, 0x0000000100000000)
  region size 1024K, 1 young (1024K), 1 survivors (1024K)
 Metaspace       used 13837K, capacity 14176K, committed 14464K, reserved 1062912K
  class space    used 1489K, capacity 1584K, committed 1664K, reserved 1048576K
Heap Regions: E=young(eden), S=young(survivor), O=old, HS=humongous(starts), HC=humongous(continues), CS=collection set, F=free, A=archive, TAMS=top-at-mark-start (previous, next)
|   0|0x00000000c1c00000, 0x00000000c1d00000, 0x00000000c1d00000|100%| O|  |TAMS 0x00000000c1c00000, 0x00000000c1c00000| Untracked 
|   1|0x00000000c1d00000, 0x00000000c1e00000, 0x00000000c1e00000|100%| O|  |TAMS 0x00000000c1d00000, 0x00000000c1d00000| Untracked 
|   2|0x00000000c1e00000, 0x00000000c1f00000, 0x00000000c1f00000|100%| O|  |TAMS 0x00000000c1e00000, 0x00000000c1e00000| Untracked 
|   3|0x00000000c1f00000, 0x00000000c1f4a800, 0x00000000c2000000| 29%| O|  |TAMS 0x00000000c1f00000, 0x00000000c1f00000| Untracked 
|   4|0x00000000c2000000, 0x00000000c2000000, 0x00000000c2100000|  0%| F|  |TAMS 0x00000000c2000000, 0x00000000c2000000| Untracked 
|   5|0x00000000c2100000, 0x00000000c2100000, 0x00000000c2200000|  0%| F|  |TAMS 0x00000000c2100000, 0x00000000c2100000| Untracked 
|   6|0x00000000c2200000, 0x00000000c2200000, 0x00000000c2300000|  0%| F|  |TAMS 0x00000000c2200000, 0x00000000c2200000| Untracked 
|   7|0x00000000c2300000, 0x00000000c2300000, 0x00000000c2400000|  0%| F|  |TAMS 0x00000000c2300000, 0x00000000c2300000| Untracked 
|   8|0x00000000c2400000, 0x00000000c248ee20, 0x00000000c2500000| 55%| S|CS|TAMS 0x00000000c2400000, 0x00000000c2400000| Complete 
|   9|0x00000000c2500000, 0x00000000c2500000, 0x00000000c2600000|  0%| F|  |TAMS 0x00000000c2500000, 0x00000000c2500000| Untracked 

Card table byte_map: [0x000001c4f2a20000,0x000001c4f2c20000] _byte_map_base: 0x000001c4f2412000

Marking Bits (Prev, Next): (CMBitMap*) 0x000001c4ea4c8378, (CMBitMap*) 0x000001c4ea4c83b0
 Prev Bits: [0x000001c4f2e20000, 0x000001c4f3db0000)
 Next Bits: [0x000001c4f3db0000, 0x000001c4f4d40000)

Polling page: 0x000001c4e8390000

Metaspace:

Usage:
  Non-class:     12.30 MB capacity,    12.06 MB ( 98%) used,   219.15 KB (  2%) free+waste,    25.75 KB ( <1%) overhead. 
      Class:      1.55 MB capacity,     1.46 MB ( 94%) used,    81.72 KB (  5%) free+waste,    12.31 KB ( <1%) overhead. 
       Both:     13.84 MB capacity,    13.51 MB ( 98%) used,   300.87 KB (  2%) free+waste,    38.06 KB ( <1%) overhead. 

Virtual space:
  Non-class space:       14.00 MB reserved,      12.50 MB ( 89%) committed 
      Class space:        1.00 GB reserved,       1.63 MB ( <1%) committed 
             Both:        1.01 GB reserved,      14.13 MB (  1%) committed 

Chunk freelists:
   Non-Class:  2.00 KB
       Class:  0 bytes
        Both:  2.00 KB

CodeHeap 'non-profiled nmethods': size=120064Kb used=283Kb max_used=283Kb free=119780Kb
 bounds [0x000001c487ac0000, 0x000001c487d30000, 0x000001c48f000000]
CodeHeap 'profiled nmethods': size=120000Kb used=1638Kb max_used=1638Kb free=118361Kb
 bounds [0x000001c480590000, 0x000001c480800000, 0x000001c487ac0000]
CodeHeap 'non-nmethods': size=5696Kb used=1067Kb max_used=1093Kb free=4628Kb
 bounds [0x000001c480000000, 0x000001c480270000, 0x000001c480590000]
 total_blobs=1478 nmethods=901 adapters=274
 compilation: enabled
              stopped_count=0, restarted_count=0
 full_count=0

Compilation events (10 events):
Event: 1.033 Thread 0x000001c4f79c1000 nmethod 899 0x000001c480726b10 code [0x000001c480726cc0, 0x000001c480726ed8]
Event: 1.033 Thread 0x000001c4f79c1000  898   !   3       java.nio.file.Files$2::hasNext (23 bytes)
Event: 1.033 Thread 0x000001c4f79c1000 nmethod 898 0x000001c480726f90 code [0x000001c480727180, 0x000001c4807274d0]
Event: 1.033 Thread 0x000001c4f79c1000  900       3       java.util.ArrayList$Itr::next (66 bytes)
Event: 1.033 Thread 0x000001c4f79c1000 nmethod 900 0x000001c480727690 code [0x000001c4807278a0, 0x000001c480727d10]
Event: 1.033 Thread 0x000001c4f79c1000  901       3       com.sun.tools.javac.file.JavacFileManager::isValidFile (13 bytes)
Event: 1.033 Thread 0x000001c4f79c1000 nmethod 901 0x000001c480727f10 code [0x000001c4807280e0, 0x000001c480728340]
Event: 1.033 Thread 0x000001c4f79c1000  902       3       com.sun.tools.javac.file.RelativePath$RelativeFile::<init> (26 bytes)
Event: 1.035 Thread 0x000001c4f79c1000 nmethod 902 0x000001c480728410 code [0x000001c4807286e0, 0x000001c4807293d0]
Event: 1.035 Thread 0x000001c4f79c1000  908       3       java.util.regex.Pattern::newSlice (181 bytes)

GC Heap History (10 events):
Event: 0.843 GC heap after
{Heap after GC invocations=5 (full 0):
 garbage-first heap   total 8192K, used 2611K [0x00000000c1c00000, 0x0000000100000000)
  region size 1024K, 1 young (1024K), 1 survivors (1024K)
 Metaspace       used 13239K, capacity 13524K, committed 13568K, reserved 1060864K
  class space    used 1431K, capacity 1516K, committed 1536K, reserved 1048576K
}
Event: 0.869 GC heap before
{Heap before GC invocations=5 (full 0):
 garbage-first heap   total 8192K, used 3635K [0x00000000c1c00000, 0x0000000100000000)
  region size 1024K, 2 young (2048K), 1 survivors (1024K)
 Metaspace       used 13310K, capacity 13615K, committed 13824K, reserved 1060864K
  class space    used 1438K, capacity 1525K, committed 1536K, reserved 1048576K
}
Event: 0.872 GC heap after
{Heap after GC invocations=6 (full 0):
 garbage-first heap   total 10240K, used 3135K [0x00000000c1c00000, 0x0000000100000000)
  region size 1024K, 1 young (1024K), 1 survivors (1024K)
 Metaspace       used 13310K, capacity 13615K, committed 13824K, reserved 1060864K
  class space    used 1438K, capacity 1525K, committed 1536K, reserved 1048576K
}
Event: 0.920 GC heap before
{Heap before GC invocations=6 (full 0):
 garbage-first heap   total 10240K, used 5183K [0x00000000c1c00000, 0x0000000100000000)
  region size 1024K, 3 young (3072K), 1 survivors (1024K)
 Metaspace       used 13456K, capacity 13809K, committed 13952K, reserved 1060864K
  class space    used 1456K, capacity 1569K, committed 1664K, reserved 1048576K
}
Event: 0.925 GC heap after
{Heap after GC invocations=7 (full 0):
 garbage-first heap   total 10240K, used 3446K [0x00000000c1c00000, 0x0000000100000000)
  region size 1024K, 1 young (1024K), 1 survivors (1024K)
 Metaspace       used 13456K, capacity 13809K, committed 13952K, reserved 1060864K
  class space    used 1456K, capacity 1569K, committed 1664K, reserved 1048576K
}
Event: 0.956 GC heap before
{Heap before GC invocations=7 (full 0):
 garbage-first heap   total 10240K, used 4470K [0x00000000c1c00000, 0x0000000100000000)
  region size 1024K, 2 young (2048K), 1 survivors (1024K)
 Metaspace       used 13498K, capacity 13873K, committed 14208K, reserved 1062912K
  class space    used 1456K, capacity 1569K, committed 1664K, reserved 1048576K
}
Event: 0.958 GC heap after
{Heap after GC invocations=8 (full 0):
 garbage-first heap   total 10240K, used 3518K [0x00000000c1c00000, 0x0000000100000000)
  region size 1024K, 1 young (1024K), 1 survivors (1024K)
 Metaspace       used 13498K, capacity 13873K, committed 14208K, reserved 1062912K
  class space    used 1456K, capacity 1569K, committed 1664K, reserved 1048576K
}
Event: 1.004 GC heap before
{Heap before GC invocations=8 (full 0):
 garbage-first heap   total 10240K, used 3518K [0x00000000c1c00000, 0x0000000100000000)
  region size 1024K, 2 young (2048K), 1 survivors (1024K)
 Metaspace       used 13683K, capacity 13969K, committed 14208K, reserved 1062912K
  class space    used 1472K, capacity 1579K, committed 1664K, reserved 1048576K
}
Event: 1.006 GC heap after
{Heap after GC invocations=9 (full 0):
 garbage-first heap   total 10240K, used 3756K [0x00000000c1c00000, 0x0000000100000000)
  region size 1024K, 1 young (1024K), 1 survivors (1024K)
 Metaspace       used 13683K, capacity 13969K, committed 14208K, reserved 1062912K
  class space    used 1472K, capacity 1579K, committed 1664K, reserved 1048576K
}
Event: 1.035 GC heap before
{Heap before GC invocations=9 (full 0):
 garbage-first heap   total 10240K, used 4780K [0x00000000c1c00000, 0x0000000100000000)
  region size 1024K, 2 young (2048K), 1 survivors (1024K)
 Metaspace       used 13837K, capacity 14176K, committed 14464K, reserved 1062912K
  class space    used 1489K, capacity 1584K, committed 1664K, reserved 1048576K
}

Deoptimization events (10 events):
Event: 0.295 Thread 0x000001c4ea49a000 Uncommon trap: reason=class_check action=maybe_recompile pc=0x000001c487ace67c method=java.util.HashMap.putVal(ILjava/lang/Object;Ljava/lang/Object;ZZ)Ljava/lang/Object; @ 152 c2
Event: 0.295 Thread 0x000001c4ea49a000 Uncommon trap: reason=class_check action=maybe_recompile pc=0x000001c487ace67c method=java.util.HashMap.putVal(ILjava/lang/Object;Ljava/lang/Object;ZZ)Ljava/lang/Object; @ 152 c2
Event: 0.641 Thread 0x000001c4ea49a000 Uncommon trap: reason=unstable_if action=reinterpret pc=0x000001c487ade93c method=java.lang.StringLatin1.replace([BCC)Ljava/lang/String; @ 19 c2
Event: 0.649 Thread 0x000001c4ea49a000 Uncommon trap: reason=unstable_if action=reinterpret pc=0x000001c487ad93a8 method=java.util.HashMap.putVal(ILjava/lang/Object;Ljava/lang/Object;ZZ)Ljava/lang/Object; @ 181 c2
Event: 0.680 Thread 0x000001c4ea49a000 Uncommon trap: reason=unstable_if action=reinterpret pc=0x000001c487ad1380 method=java.nio.Buffer.hasRemaining()Z @ 8 c2
Event: 0.891 Thread 0x000001c4ea49a000 Uncommon trap: reason=class_check action=maybe_recompile pc=0x000001c487af3058 method=java.util.HashMap.getNode(ILjava/lang/Object;)Ljava/util/HashMap$Node; @ 126 c2
Event: 0.928 Thread 0x000001c4ea49a000 Uncommon trap: reason=profile_predicate action=maybe_recompile pc=0x000001c487af8c14 method=java.lang.StringLatin1.indexOf([BI[BII)I @ 18 c2
Event: 0.928 Thread 0x000001c4ea49a000 Uncommon trap: reason=profile_predicate action=maybe_recompile pc=0x000001c487af8c14 method=java.lang.StringLatin1.indexOf([BI[BII)I @ 18 c2
Event: 0.928 Thread 0x000001c4ea49a000 Uncommon trap: reason=profile_predicate action=maybe_recompile pc=0x000001c487af8c14 method=java.lang.StringLatin1.indexOf([BI[BII)I @ 18 c2
Event: 0.928 Thread 0x000001c4ea49a000 Uncommon trap: reason=profile_predicate action=maybe_recompile pc=0x000001c487af8c14 method=java.lang.StringLatin1.indexOf([BI[BII)I @ 18 c2

Classes redefined (0 events):
No events

Internal exceptions (10 events):
Event: 0.663 Thread 0x000001c4ea49a000 Exception <a 'sun/nio/fs/WindowsException'{0x00000000c23dd348}> (0x00000000c23dd348) thrown at [t:/workspace/open/src/hotspot/share/prims/jni.cpp, line 615]
Event: 0.750 Thread 0x000001c4ea49a000 Exception <a 'java/lang/NoSuchMethodError'{0x00000000c23809f8}: java.lang.invoke.DirectMethodHandle$Holder.invokeSpecialIFC(Ljava/lang/Object;Ljava/lang/Object;I)I> (0x00000000c23809f8) thrown at [t:/workspace/open/src/hotspot/share/interpreter/linkResolv
Event: 0.787 Thread 0x000001c4ea49a000 Exception <a 'sun/nio/fs/WindowsException'{0x00000000c23d0fd8}> (0x00000000c23d0fd8) thrown at [t:/workspace/open/src/hotspot/share/prims/jni.cpp, line 615]
Event: 0.787 Thread 0x000001c4ea49a000 Exception <a 'sun/nio/fs/WindowsException'{0x00000000c23d1320}> (0x00000000c23d1320) thrown at [t:/workspace/open/src/hotspot/share/prims/jni.cpp, line 615]
Event: 0.787 Thread 0x000001c4ea49a000 Exception <a 'sun/nio/fs/WindowsException'{0x00000000c23d21e8}> (0x00000000c23d21e8) thrown at [t:/workspace/open/src/hotspot/share/prims/jni.cpp, line 615]
Event: 0.787 Thread 0x000001c4ea49a000 Exception <a 'sun/nio/fs/WindowsException'{0x00000000c23d2570}> (0x00000000c23d2570) thrown at [t:/workspace/open/src/hotspot/share/prims/jni.cpp, line 615]
Event: 0.820 Thread 0x000001c4ea49a000 Exception <a 'java/lang/NoSuchMethodError'{0x00000000c23a3b30}: java.lang.invoke.DirectMethodHandle$Holder.invokeSpecial(Ljava/lang/Object;Ljava/lang/Object;Ljava/lang/Object;Ljava/lang/Object;)I> (0x00000000c23a3b30) thrown at [t:/workspace/open/src/hots
Event: 0.875 Thread 0x000001c4ea49a000 Exception <a 'sun/nio/fs/WindowsException'{0x00000000c2521cb0}> (0x00000000c2521cb0) thrown at [t:/workspace/open/src/hotspot/share/prims/jni.cpp, line 615]
Event: 0.882 Thread 0x000001c4ea49a000 Exception <a 'sun/nio/fs/WindowsException'{0x00000000c25353e0}> (0x00000000c25353e0) thrown at [t:/workspace/open/src/hotspot/share/prims/jni.cpp, line 615]
Event: 0.886 Thread 0x000001c4ea49a000 Exception <a 'java/lang/NoSuchMethodError'{0x00000000c2542380}: java.lang.invoke.DirectMethodHandle$Holder.invokeSpecial(Ljava/lang/Object;Ljava/lang/Object;Ljava/lang/Object;Ljava/lang/Object;Ljava/lang/Object;)I> (0x00000000c2542380) thrown at [t:/works

Events (10 events):
Event: 1.016 loading class com/sun/tools/javac/code/Symbol$ModuleSymbol done
Event: 1.017 loading class com/sun/tools/javac/comp/Env
Event: 1.017 loading class com/sun/tools/javac/comp/Env done
Event: 1.017 loading class com/sun/tools/javac/code/TypeAnnotations
Event: 1.017 loading class com/sun/tools/javac/code/TypeAnnotations done
Event: 1.018 loading class com/sun/tools/javac/comp/Env
Event: 1.018 loading class com/sun/tools/javac/comp/Env done
Event: 1.018 loading class com/sun/tools/javac/code/TypeAnnotations
Event: 1.018 loading class com/sun/tools/javac/code/TypeAnnotations done
Event: 1.035 Executing VM operation: G1CollectForAllocation


Dynamic libraries:
0x00007ff76eca0000 - 0x00007ff76eca8000 	C:\Program Files\Java\jdk-11.0.6\bin\javac.exe
0x00007ffc72f00000 - 0x00007ffc730f0000 	C:\Windows\SYSTEM32\ntdll.dll
0x00007ffc723d0000 - 0x00007ffc72482000 	C:\Windows\System32\KERNEL32.DLL
0x00007ffc70d00000 - 0x00007ffc70fa3000 	C:\Windows\System32\KERNELBASE.dll
0x00007ffc707c0000 - 0x00007ffc708ba000 	C:\Windows\System32\ucrtbase.dll
0x00007ffc61c60000 - 0x00007ffc61c9f000 	C:\Program Files\Java\jdk-11.0.6\bin\jli.dll
0x00007ffc72060000 - 0x00007ffc72103000 	C:\Windows\System32\ADVAPI32.dll
0x00007ffc72500000 - 0x00007ffc7259e000 	C:\Windows\System32\msvcrt.dll
0x00007ffc72280000 - 0x00007ffc72317000 	C:\Windows\System32\sechost.dll
0x00007ffc71cc0000 - 0x00007ffc71de0000 	C:\Windows\System32\RPCRT4.dll
0x00007ffc71310000 - 0x00007ffc714a4000 	C:\Windows\System32\USER32.dll
0x00007ffc70790000 - 0x00007ffc707b1000 	C:\Windows\System32\win32u.dll
0x00007ffc721d0000 - 0x00007ffc721f6000 	C:\Windows\System32\GDI32.dll
0x00007ffc70b60000 - 0x00007ffc70cf4000 	C:\Windows\System32\gdi32full.dll
0x00007ffc6ff10000 - 0x00007ffc6ffae000 	C:\Windows\System32\msvcp_win.dll
0x00007ffc6e7d0000 - 0x00007ffc6e7e6000 	C:\Program Files\Java\jdk-11.0.6\bin\VCRUNTIME140.dll
0x00007ffc692b0000 - 0x00007ffc69535000 	C:\Windows\WinSxS\amd64_microsoft.windows.common-controls_6595b64144ccf1df_6.0.18362.778_none_e6c6b761130d4fb8\COMCTL32.dll
0x00007ffc71920000 - 0x00007ffc71c56000 	C:\Windows\System32\combase.dll
0x00007ffc6fe90000 - 0x00007ffc6ff10000 	C:\Windows\System32\bcryptPrimitives.dll
0x00007ffc65470000 - 0x00007ffc6547a000 	C:\Windows\SYSTEM32\VERSION.dll
0x00007ffc70fb0000 - 0x00007ffc70fde000 	C:\Windows\System32\IMM32.DLL
0x00007ffc50590000 - 0x00007ffc5063a000 	C:\Program Files\Java\jdk-11.0.6\bin\msvcp140.dll
0x00007ffc3b030000 - 0x00007ffc3bb59000 	C:\Program Files\Java\jdk-11.0.6\bin\server\jvm.dll
0x00007ffc71190000 - 0x00007ffc71198000 	C:\Windows\System32\PSAPI.DLL
0x00007ffc6ea20000 - 0x00007ffc6ea29000 	C:\Windows\SYSTEM32\WSOCK32.dll
0x00007ffc71de0000 - 0x00007ffc71e4f000 	C:\Windows\System32\WS2_32.dll
0x00007ffc6da00000 - 0x00007ffc6da24000 	C:\Windows\SYSTEM32\WINMM.dll
0x00007ffc6d9d0000 - 0x00007ffc6d9fd000 	C:\Windows\SYSTEM32\WINMMBASE.dll
0x00007ffc708c0000 - 0x00007ffc7090a000 	C:\Windows\System32\cfgmgr32.dll
0x00007ffc6fe00000 - 0x00007ffc6fe11000 	C:\Windows\System32\kernel.appcore.dll
0x00007ffc6e6d0000 - 0x00007ffc6e6e1000 	C:\Program Files\Java\jdk-11.0.6\bin\verify.dll
0x00007ffc5ed00000 - 0x00007ffc5eef4000 	C:\Windows\SYSTEM32\DBGHELP.DLL
0x00007ffc5ecd0000 - 0x00007ffc5ecfa000 	C:\Windows\SYSTEM32\dbgcore.DLL
0x00007ffc649b0000 - 0x00007ffc649d9000 	C:\Program Files\Java\jdk-11.0.6\bin\java.dll
0x00007ffc6c400000 - 0x00007ffc6c416000 	C:\Program Files\Java\jdk-11.0.6\bin\zip.dll
0x00007ffc6c430000 - 0x00007ffc6c43a000 	C:\Program Files\Java\jdk-11.0.6\bin\jimage.dll
0x00007ffc725a0000 - 0x00007ffc72c85000 	C:\Windows\System32\SHELL32.dll
0x00007ffc72320000 - 0x00007ffc723c9000 	C:\Windows\System32\shcore.dll
0x00007ffc6ffb0000 - 0x00007ffc70730000 	C:\Windows\System32\windows.storage.dll
0x00007ffc6fdd0000 - 0x00007ffc6fdf3000 	C:\Windows\System32\profapi.dll
0x00007ffc6fe40000 - 0x00007ffc6fe8a000 	C:\Windows\System32\powrprof.dll
0x00007ffc6fdc0000 - 0x00007ffc6fdd0000 	C:\Windows\System32\UMPDC.dll
0x00007ffc71c60000 - 0x00007ffc71cb2000 	C:\Windows\System32\shlwapi.dll
0x00007ffc70b10000 - 0x00007ffc70b27000 	C:\Windows\System32\cryptsp.dll
0x00007ffc639b0000 - 0x00007ffc639c9000 	C:\Program Files\Java\jdk-11.0.6\bin\net.dll
0x00007ffc64d20000 - 0x00007ffc64e10000 	C:\Windows\SYSTEM32\WINHTTP.dll
0x00007ffc6f5d0000 - 0x00007ffc6f637000 	C:\Windows\system32\mswsock.dll
0x00007ffc637e0000 - 0x00007ffc637f3000 	C:\Program Files\Java\jdk-11.0.6\bin\nio.dll

dbghelp: loaded successfully - version: 4.0.5 - missing functions: none
symbol engine: initialized successfully - sym options: 0x614 - pdb path: .;C:\Program Files\Java\jdk-11.0.6\bin;C:\Windows\SYSTEM32;C:\Windows\WinSxS\amd64_microsoft.windows.common-controls_6595b64144ccf1df_6.0.18362.778_none_e6c6b761130d4fb8;C:\Program Files\Java\jdk-11.0.6\bin\server

VM Arguments:
jvm_args: -Dapplication.home=C:\Program Files\Java\jdk-11.0.6 --add-modules=ALL-DEFAULT -Xms8m -Djdk.module.main=jdk.compiler 
java_command: jdk.compiler/com.sun.tools.javac.Main -d D:\MauThietKe\ProjectNeatbeanJV\NguyenThiKimNga_59131500_Creational\build\classes -classpath D:\MauThietKe\ProjectNeatbeanJV\NguyenThiKimNga_59131500_Creational\build\classes -sourcepath D:\MauThietKe\ProjectNeatbeanJV\NguyenThiKimNga_59131500_Creational\src -target 11 -encoding UTF-8 -g -processorpath D:\MauThietKe\ProjectNeatbeanJV\NguyenThiKimNga_59131500_Creational\build\empty -s D:\MauThietKe\ProjectNeatbeanJV\NguyenThiKimNga_59131500_Creational\build\generated-sources\ap-source-output -source 11 D:\MauThietKe\ProjectNeatbeanJV\NguyenThiKimNga_59131500_Creational\src\bt2\BT2Main.java
java_class_path (initial): <not set>
Launcher Type: SUN_STANDARD

[Global flags]
     intx CICompilerCount                          = 3                                         {product} {ergonomic}
     uint ConcGCThreads                            = 1                                         {product} {ergonomic}
     uint G1ConcRefinementThreads                  = 4                                         {product} {ergonomic}
   size_t G1HeapRegionSize                         = 1048576                                   {product} {ergonomic}
    uintx GCDrainStackTargetSize                   = 64                                        {product} {ergonomic}
   size_t InitialHeapSize                          = 8388608                                   {product} {command line}
   size_t MarkStackSize                            = 4194304                                   {product} {ergonomic}
   size_t MaxHeapSize                              = 1044381696                                {product} {ergonomic}
   size_t MaxNewSize                               = 625999872                                 {product} {ergonomic}
   size_t MinHeapDeltaBytes                        = 1048576                                   {product} {ergonomic}
    uintx NonNMethodCodeHeapSize                   = 5830732                                {pd product} {ergonomic}
    uintx NonProfiledCodeHeapSize                  = 122913754                              {pd product} {ergonomic}
    uintx ProfiledCodeHeapSize                     = 122913754                              {pd product} {ergonomic}
    uintx ReservedCodeCacheSize                    = 251658240                              {pd product} {ergonomic}
     bool SegmentedCodeCache                       = true                                      {product} {ergonomic}
     bool UseCompressedClassPointers               = true                                 {lp64_product} {ergonomic}
     bool UseCompressedOops                        = true                                 {lp64_product} {ergonomic}
     bool UseG1GC                                  = true                                      {product} {ergonomic}
     bool UseLargePagesIndividualAllocation        = false                                  {pd product} {ergonomic}

Logging:
Log output configuration:
 #0: stdout all=warning uptime,level,tags
 #1: stderr all=off uptime,level,tags

Environment Variables:
PATH=C:\Windows\system32;C:\Windows;C:\Windows\System32\Wbem;C:\Windows\System32\WindowsPowerShell\v1.0\;C:\Windows\System32\OpenSSH\;C:\Program Files (x86)\Microsoft SQL Server\150\DTS\Binn\;C:\Program Files\Microsoft SQL Server\Client SDK\ODBC\130\Tools\Binn\;C:\Program Files (x86)\Microsoft SQL Server\140\Tools\Binn\;C:\Program Files\Microsoft SQL Server\140\Tools\Binn\;C:\Program Files\Microsoft SQL Server\140\DTS\Binn\;C:\Program Files\Git\cmd;C:\Program Files\Microsoft SQL Server\130\Tools\Binn\;C:\Program Files\dotnet\;C:\Program Files\Microsoft SQL Server\Client SDK\ODBC\170\Tools\Binn\;C:\Users\nga\AppData\Local\Microsoft\WindowsApps
USERNAME=nga
OS=Windows_NT
PROCESSOR_IDENTIFIER=Intel64 Family 6 Model 58 Stepping 9, GenuineIntel



---------------  S Y S T E M  ---------------

OS: Windows 10 , 64 bit Build 18362 (10.0.18362.778)

CPU:total 4 (initial active 4) (2 cores per cpu, 2 threads per core) family 6 model 58 stepping 9, cmov, cx8, fxsr, mmx, sse, sse2, sse3, ssse3, sse4.1, sse4.2, popcnt, avx, clmul, erms, ht, tsc, tscinvbit, tscinv

Memory: 4k page, system-wide physical 3981M (776M free)
TotalPageFile size 5005M (AvailPageFile size 6M)
current process WorkingSet (physical memory assigned to process): 61M, peak: 61M
current process commit charge ("private bytes"): 91M, peak: 92M

vm_info: Java HotSpot(TM) 64-Bit Server VM (11.0.6+8-LTS) for windows-amd64 JRE (11.0.6+8-LTS), built on Dec 11 2019 09:17:57 by "mach5one" with MS VC++ 15.5 (VS2017)

END.
